<?xml version="1.0" encoding="UTF-8"?>
<!-- Generated by org.testng.reporters.JUnitReportReporter -->
<testsuite hostname="DESKTOP-P89RIBH" failures="0" tests="1" name="Testngpak.TestNgAnnotation" time="0.009" errors="0" timestamp="2023-07-20T23:19:21 IST" skipped="0">
  <testcase classname="Testngpak.TestNgAnnotation" name="test" time="0.009"/>
</testsuite> <!-- Testngpak.TestNgAnnotation -->
