<?xml version="1.0" encoding="UTF-8"?>
<!-- Generated by org.testng.reporters.JUnitReportReporter -->
<testsuite hostname="DESKTOP-P89RIBH" failures="0" tests="4" name="Testngpak.GroupTestNg" time="0.023" errors="0" timestamp="2023-07-20T23:49:40 IST" skipped="0">
  <testcase classname="Testngpak.GroupTestNg" name="red1" time="0.002"/>
  <testcase classname="Testngpak.GroupTestNg" name="green_red" time="0.012"/>
  <testcase classname="Testngpak.GroupTestNg" name="red3" time="0.004"/>
  <testcase classname="Testngpak.GroupTestNg" name="red2" time="0.005"/>
</testsuite> <!-- Testngpak.GroupTestNg -->
