<?xml version="1.0" encoding="UTF-8"?>
<!-- Generated by org.testng.reporters.JUnitReportReporter -->
<testsuite hostname="DESKTOP-P89RIBH" failures="0" tests="3" name="Testngpak.FirstTestNgDemo" time="35.364" errors="0" timestamp="2023-07-14T09:28:27 IST" skipped="0">
  <testcase classname="Testngpak.FirstTestNgDemo" name="geturl" time="21.663"/>
  <testcase classname="Testngpak.FirstTestNgDemo" name="credention" time="8.084"/>
  <testcase classname="Testngpak.FirstTestNgDemo" name="logot" time="5.617"/>
</testsuite> <!-- Testngpak.FirstTestNgDemo -->
