<?xml version="1.0" encoding="UTF-8"?>
<!-- Generated by org.testng.reporters.JUnitReportReporter -->
<testsuite hostname="DESKTOP-P89RIBH" failures="0" tests="1" name="Testngpak.Guru99GroupPractice" time="9.229" errors="0" timestamp="2023-07-21T00:52:26 IST" skipped="0">
  <testcase classname="Testngpak.Guru99GroupPractice" name="geturl" time="9.229"/>
</testsuite> <!-- Testngpak.Guru99GroupPractice -->
